Arguments: 
  C:\Program Files\nodejs\node.exe C:\Program Files (x86)\Yarn\bin\yarn.js add babel-core -D

PATH: 
  D:\cmder\bin;D:\cmder\vendor\conemu-maximus5\ConEmu\Scripts;D:\cmder\vendor\conemu-maximus5;D:\cmder\vendor\conemu-maximus5\ConEmu;C:\Program Files\Java\jdk1.8.0_162\bin;C:\Program Files\Java\jdk1.8.0_162\jre\bin;C:\ProgramData\Oracle\Java\javapath;C:\Windows\system32;C:\Windows;C:\Windows\System32\Wbem;C:\Windows\System32\WindowsPowerShell\v1.0\;C:\Program Files\nodejs\;C:\Program Files\Git\cmd;C:\Program Files (x86)\Yarn\bin\;C:\Program Files\TortoiseSVN\bin;C:\Users\Administrator\AppData\Local\Programs\Python\Python36-32\Scripts\;C:\Users\Administrator\AppData\Local\Programs\Python\Python36-32\;C:\Users\Administrator\AppData\Roaming\npm;C:\Program Files\Microsoft VS Code\bin;C:\Users\Administrator\AppData\Local\Yarn\bin;D:\cmder;C:\Program Files\Git\usr\bin;C:\Program Files\Git\usr\share\vim\vim74;D:\cmder\

Yarn version: 
  1.5.1

Node version: 
  9.8.0

Platform: 
  win32 x64

npm manifest: 
  {
    "name": "myReact",
    "version": "1.0.0",
    "main": "index.js",
    "license": "MIT",
    "dependencies": {
      "babel-plugin-transform-react-jsx": "^6.24.1"
    }
  }

yarn manifest: 
  No manifest

Lockfile: 
  # THIS IS AN AUTOGENERATED FILE. DO NOT EDIT THIS FILE DIRECTLY.
  # yarn lockfile v1
  
  
  babel-helper-builder-react-jsx@^6.24.1:
    version "6.26.0"
    resolved "http://registry.npm.taobao.org/babel-helper-builder-react-jsx/download/babel-helper-builder-react-jsx-6.26.0.tgz#39ff8313b75c8b65dceff1f31d383e0ff2a408a0"
    dependencies:
      babel-runtime "^6.26.0"
      babel-types "^6.26.0"
      esutils "^2.0.2"
  
  babel-plugin-syntax-jsx@^6.8.0:
    version "6.18.0"
    resolved "http://registry.npm.taobao.org/babel-plugin-syntax-jsx/download/babel-plugin-syntax-jsx-6.18.0.tgz#0af32a9a6e13ca7a3fd5069e62d7b0f58d0d8946"
  
  babel-plugin-transform-react-jsx@^6.24.1:
    version "6.24.1"
    resolved "http://registry.npm.taobao.org/babel-plugin-transform-react-jsx/download/babel-plugin-transform-react-jsx-6.24.1.tgz#840a028e7df460dfc3a2d29f0c0d91f6376e66a3"
    dependencies:
      babel-helper-builder-react-jsx "^6.24.1"
      babel-plugin-syntax-jsx "^6.8.0"
      babel-runtime "^6.22.0"
  
  babel-runtime@^6.22.0, babel-runtime@^6.26.0:
    version "6.26.0"
    resolved "http://registry.npm.taobao.org/babel-runtime/download/babel-runtime-6.26.0.tgz#965c7058668e82b55d7bfe04ff2337bc8b5647fe"
    dependencies:
      core-js "^2.4.0"
      regenerator-runtime "^0.11.0"
  
  babel-types@^6.26.0:
    version "6.26.0"
    resolved "http://registry.npm.taobao.org/babel-types/download/babel-types-6.26.0.tgz#a3b073f94ab49eb6fa55cd65227a334380632497"
    dependencies:
      babel-runtime "^6.26.0"
      esutils "^2.0.2"
      lodash "^4.17.4"
      to-fast-properties "^1.0.3"
  
  core-js@^2.4.0:
    version "2.5.5"
    resolved "http://registry.npm.taobao.org/core-js/download/core-js-2.5.5.tgz#b14dde936c640c0579a6b50cabcc132dd6127e3b"
  
  esutils@^2.0.2:
    version "2.0.2"
    resolved "http://registry.npm.taobao.org/esutils/download/esutils-2.0.2.tgz#0abf4f1caa5bcb1f7a9d8acc6dea4faaa04bac9b"
  
  lodash@^4.17.4:
    version "4.17.5"
    resolved "http://registry.npm.taobao.org/lodash/download/lodash-4.17.5.tgz#99a92d65c0272debe8c96b6057bc8fbfa3bed511"
  
  regenerator-runtime@^0.11.0:
    version "0.11.1"
    resolved "http://registry.npm.taobao.org/regenerator-runtime/download/regenerator-runtime-0.11.1.tgz#be05ad7f9bf7d22e056f9726cee5017fbf19e2e9"
  
  to-fast-properties@^1.0.3:
    version "1.0.3"
    resolved "http://registry.npm.taobao.org/to-fast-properties/download/to-fast-properties-1.0.3.tgz#b83571fa4d8c25b82e231b06e3a3055de4ca1a47"

Trace: 
  Error: EBUSY: resource busy or locked, copyfile 'C:\Users\Administrator\AppData\Local\Yarn\Cache\v1\npm-detect-indent-4.0.0-f76d064352cdf43a1cb6ce619c4ee3a9475de208\index.js' -> 'E:\study\myReact\node_modules\detect-indent\index.js'
